<?xml version="1.0" encoding="UTF-8"?>
<testsuite name="hello.core.lifecycle.BeanLifeCycleTest" tests="1" skipped="0" failures="0" errors="0" timestamp="2023-08-18T17:40:05" hostname="ijung-won-ui-MacBookAir.local" time="0.208">
  <properties/>
  <testcase name="lifeCycleTest()" classname="hello.core.lifecycle.BeanLifeCycleTest" time="0.208"/>
  <system-out><![CDATA[02:40:05.878 [Test worker] DEBUG org.springframework.context.annotation.AnnotationConfigApplicationContext - Refreshing org.springframework.context.annotation.AnnotationConfigApplicationContext@5852c06f
02:40:05.887 [Test worker] DEBUG org.springframework.beans.factory.support.DefaultListableBeanFactory - Creating shared instance of singleton bean 'org.springframework.context.annotation.internalConfigurationAnnotationProcessor'
02:40:05.948 [Test worker] DEBUG org.springframework.beans.factory.support.DefaultListableBeanFactory - Creating shared instance of singleton bean 'org.springframework.context.event.internalEventListenerProcessor'
02:40:05.949 [Test worker] DEBUG org.springframework.beans.factory.support.DefaultListableBeanFactory - Creating shared instance of singleton bean 'org.springframework.context.event.internalEventListenerFactory'
02:40:05.950 [Test worker] DEBUG org.springframework.beans.factory.support.DefaultListableBeanFactory - Creating shared instance of singleton bean 'org.springframework.context.annotation.internalAutowiredAnnotationProcessor'
02:40:05.951 [Test worker] DEBUG org.springframework.beans.factory.support.DefaultListableBeanFactory - Creating shared instance of singleton bean 'org.springframework.context.annotation.internalCommonAnnotationProcessor'
02:40:05.956 [Test worker] DEBUG org.springframework.beans.factory.support.DefaultListableBeanFactory - Creating shared instance of singleton bean 'beanLifeCycleTest.LifeCycleConfig'
02:40:05.959 [Test worker] DEBUG org.springframework.beans.factory.support.DefaultListableBeanFactory - Creating shared instance of singleton bean 'networkClient'
생성자 호출, url = null
connect: http://hello-spring.dev
call: http://hello-spring.dev message = 초기화 연결 메시지
02:40:05.990 [Test worker] DEBUG org.springframework.context.annotation.AnnotationConfigApplicationContext - Closing org.springframework.context.annotation.AnnotationConfigApplicationContext@5852c06f, started on Sat Aug 19 02:40:05 KST 2023
close http://hello-spring.dev
]]></system-out>
  <system-err><![CDATA[]]></system-err>
</testsuite>
