<?xml version="1.0" encoding="UTF-8"?>
<testsuite name="hello.core.member.MemberServiceTest" tests="1" skipped="0" failures="0" errors="0" timestamp="2023-07-23T10:10:45" hostname="ijung-won-ui-MacBookAir.local" time="0.037">
  <properties/>
  <testcase name="join()" classname="hello.core.member.MemberServiceTest" time="0.037"/>
  <system-out><![CDATA[]]></system-out>
  <system-err><![CDATA[]]></system-err>
</testsuite>
